<?xml version="1.0" encoding="UTF-8"?><testrun name="CucumberRunner" project="AutomationSeleniumWeb" tests="1" started="1" failures="1" errors="0" ignored="0">
  <testsuite name="br.com.AutomationWeb.CucumberRunner" time="5.402">
    <testsuite name="Create nem Account" time="5.402">
      <testcase name="Access page to create account" classname="Create nem Account" time="5.402">
        <failure>java.lang.AssertionError&#13;
	at org.junit.Assert.fail(Assert.java:87)&#13;
	at org.junit.Assert.assertTrue(Assert.java:42)&#13;
	at org.junit.Assert.assertTrue(Assert.java:53)&#13;
	at br.com.AutomationWeb.steps.CreateNewAccountSteps.should_access_the_create_account_page(CreateNewAccountSteps.java:38)&#13;
	at âœ½.should access the Create account Page(classpath:feature/CreateNewAccount.feature:9)&#13;
&#13;
</failure>
      </testcase>
    </testsuite>
  </testsuite>
</testrun>
