<?xml version="1.0" encoding="UTF-8"?><testrun name="Rerun br.com.AutomationWeb.CucumberRunner" project="AutomationSeleniumWeb" tests="2" started="2" failures="0" errors="1" ignored="0">
  <testsuite name="br.com.AutomationWeb.CucumberRunner" time="17.631">
    <testsuite name="Create nem Account" time="17.631">
      <testcase name="Access page to create account" classname="Create nem Account" time="8.631"/>
      <testcase name="Create a New Account" classname="Create nem Account" time="9.0">
        <error>io.cucumber.junit.UndefinedStepException: The step 'insert "Accounts Details"' and 3 other step(s) are undefined.
You can implement these steps using the snippet(s) below:

@When("insert {string}")
public void insert(String string) {
    // Write code here that turns the phrase above into concrete actions
    throw new io.cucumber.java.PendingException();
}
@When("Register the new Account")
public void register_the_new_account() {
    // Write code here that turns the phrase above into concrete actions
    throw new io.cucumber.java.PendingException();
}
&#13;
&#13;
</error>
      </testcase>
    </testsuite>
  </testsuite>
</testrun>
