<?xml version="1.0" encoding="UTF-8"?><testrun name="CucumberRunner" project="AutomationSeleniumWeb" tests="1" started="1" failures="0" errors="1" ignored="0">
  <testsuite name="br.com.AutomationWeb.CucumberRunner" time="27.238">
    <testsuite name="Create nem Account" time="27.238">
      <testcase name="Access page to create account" classname="Create nem Account" time="27.238">
        <error>org.openqa.selenium.WebDriverException: chrome not reachable
  (Session info: chrome=90.0.4430.212)
Build info: version: '3.141.59', revision: 'e82be7d358', time: '2018-11-14T08:17:03'
System info: host: 'LOWCOST02', ip: '172.20.96.1', os.name: 'Windows 10', os.arch: 'amd64', os.version: '10.0', java.version: '15.0.2'
Driver info: org.openqa.selenium.chrome.ChromeDriver
Capabilities {acceptInsecureCerts: false, browserName: chrome, browserVersion: 90.0.4430.212, chrome: {chromedriverVersion: 90.0.4430.24 (4c6d850f087da..., userDataDir: C:\Users\YRONHA~1\AppData\L...}, goog:chromeOptions: {debuggerAddress: localhost:64013}, javascriptEnabled: true, networkConnectionEnabled: false, pageLoadStrategy: normal, platform: WINDOWS, platformName: WINDOWS, proxy: Proxy(), setWindowRect: true, strictFileInteractability: false, timeouts: {implicit: 0, pageLoad: 300000, script: 30000}, unhandledPromptBehavior: dismiss and notify, webauthn:extension:largeBlob: true, webauthn:virtualAuthenticators: true}
Session ID: 748962037082d56f12acc4de65cb5ce6
*** Element info: {Using=xpath, value=/html/body/login-modal/div/div/div[3]/a[2]}&#13;
	at java.base/jdk.internal.reflect.NativeConstructorAccessorImpl.newInstance0(Native Method)&#13;
	at java.base/jdk.internal.reflect.NativeConstructorAccessorImpl.newInstance(NativeConstructorAccessorImpl.java:64)&#13;
	at java.base/jdk.internal.reflect.DelegatingConstructorAccessorImpl.newInstance(DelegatingConstructorAccessorImpl.java:45)&#13;
	at java.base/java.lang.reflect.Constructor.newInstanceWithCaller(Constructor.java:500)&#13;
	at java.base/java.lang.reflect.Constructor.newInstance(Constructor.java:481)&#13;
	at org.openqa.selenium.remote.http.W3CHttpResponseCodec.createException(W3CHttpResponseCodec.java:187)&#13;
	at org.openqa.selenium.remote.http.W3CHttpResponseCodec.decode(W3CHttpResponseCodec.java:122)&#13;
	at org.openqa.selenium.remote.http.W3CHttpResponseCodec.decode(W3CHttpResponseCodec.java:49)&#13;
	at org.openqa.selenium.remote.HttpCommandExecutor.execute(HttpCommandExecutor.java:158)&#13;
	at org.openqa.selenium.remote.service.DriverCommandExecutor.execute(DriverCommandExecutor.java:83)&#13;
	at org.openqa.selenium.remote.RemoteWebDriver.execute(RemoteWebDriver.java:552)&#13;
	at org.openqa.selenium.remote.RemoteWebDriver.findElement(RemoteWebDriver.java:323)&#13;
	at org.openqa.selenium.remote.RemoteWebDriver.findElementByXPath(RemoteWebDriver.java:428)&#13;
	at org.openqa.selenium.By$ByXPath.findElement(By.java:353)&#13;
	at org.openqa.selenium.remote.RemoteWebDriver.findElement(RemoteWebDriver.java:315)&#13;
	at org.openqa.selenium.support.ui.ExpectedConditions$7.apply(ExpectedConditions.java:205)&#13;
	at org.openqa.selenium.support.ui.ExpectedConditions$7.apply(ExpectedConditions.java:201)&#13;
	at org.openqa.selenium.support.ui.FluentWait.until(FluentWait.java:249)&#13;
	at br.com.AutomationWeb.PageObject.HomePage.WaitLoadMenuUser(HomePage.java:41)&#13;
	at br.com.AutomationWeb.PageObject.HomePage.VistiCreateNewAccount(HomePage.java:23)&#13;
	at br.com.AutomationWeb.steps.CreateNewAccountSteps.the_user_acces_the_menu_user(CreateNewAccountSteps.java:33)&#13;
	at âœ½.click in create new account(classpath:feature/CreateNewAccount.feature:8)&#13;
&#13;
</error>
      </testcase>
    </testsuite>
  </testsuite>
</testrun>
